[21.11.2014  9:28:38  channel=debug] Programm beginnt
Exception in thread "main" java.lang.RuntimeException:  the grid is to fine: -29:7:1:1
	at jcurses.widgets.Grid.<init>(GridLayoutManager.java:128)
	at jcurses.widgets.GridLayoutManager.layout(GridLayoutManager.java:55)
	at jcurses.widgets.WidgetContainer.packChild(WidgetContainer.java:89)
	at jcurses.widgets.WidgetContainer.pack(WidgetContainer.java:101)
	at jcurses.widgets.Window.pack(Window.java:520)
	at jcurses.widgets.Window.setVisible(Window.java:141)
	at jcurses.widgets.Window.show(Window.java:120)
	at Console.main(Console.java:38)
[21.11.2014  9:30:29  channel=debug] Programm beginnt
Exception in thread "main" java.lang.RuntimeException:  the grid is to fine: -23:7:1:1
	at jcurses.widgets.Grid.<init>(GridLayoutManager.java:128)
	at jcurses.widgets.GridLayoutManager.layout(GridLayoutManager.java:55)
	at jcurses.widgets.WidgetContainer.packChild(WidgetContainer.java:89)
	at jcurses.widgets.WidgetContainer.pack(WidgetContainer.java:101)
	at jcurses.widgets.Window.pack(Window.java:520)
	at jcurses.widgets.Window.setVisible(Window.java:141)
	at jcurses.widgets.Window.show(Window.java:120)
	at Console.main(Console.java:39)
[21.11.2014  9:42:45  channel=debug] Programm beginnt
Exception in thread "main" java.lang.RuntimeException:  the grid is to fine: -29:7:1:1
	at jcurses.widgets.Grid.<init>(GridLayoutManager.java:128)
	at jcurses.widgets.GridLayoutManager.layout(GridLayoutManager.java:55)
	at jcurses.widgets.WidgetContainer.packChild(WidgetContainer.java:89)
	at jcurses.widgets.WidgetContainer.pack(WidgetContainer.java:101)
	at jcurses.widgets.Window.pack(Window.java:520)
	at jcurses.widgets.Window.setVisible(Window.java:141)
	at jcurses.widgets.Window.show(Window.java:120)
	at Console.main(Console.java:39)
[21.11.2014  9:52:25  channel=debug] Programm beginnt
[21.11.2014  9:52:34  channel=debug] Programm beginnt
Exception in thread "main" java.lang.RuntimeException:  the grid is to fine: -19:7:1:1
	at jcurses.widgets.Grid.<init>(GridLayoutManager.java:128)
	at jcurses.widgets.GridLayoutManager.layout(GridLayoutManager.java:55)
	at jcurses.widgets.WidgetContainer.packChild(WidgetContainer.java:89)
	at jcurses.widgets.WidgetContainer.pack(WidgetContainer.java:101)
	at jcurses.widgets.Window.pack(Window.java:520)
	at jcurses.widgets.Window.setVisible(Window.java:141)
	at jcurses.widgets.Window.show(Window.java:120)
	at Console.main(Console.java:39)
[21.11.2014  10:3:20  channel=debug] Programm beginnt
Exception in thread "main" java.lang.RuntimeException:  the grid is to fine: -9:7:1:1
	at jcurses.widgets.Grid.<init>(GridLayoutManager.java:128)
	at jcurses.widgets.GridLayoutManager.layout(GridLayoutManager.java:55)
	at jcurses.widgets.WidgetContainer.packChild(WidgetContainer.java:89)
	at jcurses.widgets.WidgetContainer.pack(WidgetContainer.java:101)
	at jcurses.widgets.Window.pack(Window.java:520)
	at jcurses.widgets.Window.setVisible(Window.java:141)
	at jcurses.widgets.Window.show(Window.java:120)
	at Console.main(Console.java:39)
[21.11.2014  10:3:37  channel=debug] Programm beginnt
Exception in thread "main" java.lang.RuntimeException:  the grid is to fine: -32:7:1:1
	at jcurses.widgets.Grid.<init>(GridLayoutManager.java:128)
	at jcurses.widgets.GridLayoutManager.layout(GridLayoutManager.java:55)
	at jcurses.widgets.WidgetContainer.packChild(WidgetContainer.java:89)
	at jcurses.widgets.WidgetContainer.pack(WidgetContainer.java:101)
	at jcurses.widgets.Window.pack(Window.java:520)
	at jcurses.widgets.Window.setVisible(Window.java:141)
	at jcurses.widgets.Window.show(Window.java:120)
	at Console.main(Console.java:39)
[21.11.2014  10:7:19  channel=debug] Programm beginnt
Exception in thread "main" java.lang.RuntimeException:  the grid is to fine: -24:7:1:1
	at jcurses.widgets.Grid.<init>(GridLayoutManager.java:128)
	at jcurses.widgets.GridLayoutManager.layout(GridLayoutManager.java:55)
	at jcurses.widgets.WidgetContainer.packChild(WidgetContainer.java:89)
	at jcurses.widgets.WidgetContainer.pack(WidgetContainer.java:101)
	at jcurses.widgets.Window.pack(Window.java:520)
	at jcurses.widgets.Window.setVisible(Window.java:141)
	at jcurses.widgets.Window.show(Window.java:120)
	at Console.main(Console.java:39)
[21.11.2014  10:7:54  channel=debug] Programm beginnt
Exception in thread "main" java.lang.RuntimeException:  the grid is to fine: -27:7:1:1
	at jcurses.widgets.Grid.<init>(GridLayoutManager.java:128)
	at jcurses.widgets.GridLayoutManager.layout(GridLayoutManager.java:55)
	at jcurses.widgets.WidgetContainer.packChild(WidgetContainer.java:89)
	at jcurses.widgets.WidgetContainer.pack(WidgetContainer.java:101)
	at jcurses.widgets.Window.pack(Window.java:520)
	at jcurses.widgets.Window.setVisible(Window.java:141)
	at jcurses.widgets.Window.show(Window.java:120)
	at Console.main(Console.java:39)
[21.11.2014  10:8:58  channel=debug] Programm beginnt
Exception in thread "main" java.lang.RuntimeException:  the grid is to fine: -7:7:1:1
	at jcurses.widgets.Grid.<init>(GridLayoutManager.java:128)
	at jcurses.widgets.GridLayoutManager.layout(GridLayoutManager.java:55)
	at jcurses.widgets.WidgetContainer.packChild(WidgetContainer.java:89)
	at jcurses.widgets.WidgetContainer.pack(WidgetContainer.java:101)
	at jcurses.widgets.Window.pack(Window.java:520)
	at jcurses.widgets.Window.setVisible(Window.java:141)
	at jcurses.widgets.Window.show(Window.java:120)
	at Console.main(Console.java:39)
[21.11.2014  10:10:24  channel=debug] Programm beginnt
[21.11.2014  10:10:25  channel=debug] window event: 2
[21.11.2014  10:12:38  channel=debug] Programm beginnt
Exception in thread "main" java.lang.RuntimeException:  the grid is to fine: -35:7:1:1
	at jcurses.widgets.Grid.<init>(GridLayoutManager.java:128)
	at jcurses.widgets.GridLayoutManager.layout(GridLayoutManager.java:55)
	at jcurses.widgets.WidgetContainer.packChild(WidgetContainer.java:89)
	at jcurses.widgets.WidgetContainer.pack(WidgetContainer.java:101)
	at jcurses.widgets.Window.pack(Window.java:520)
	at jcurses.widgets.Window.setVisible(Window.java:141)
	at jcurses.widgets.Window.show(Window.java:120)
	at Console.main(Console.java:39)
[21.11.2014  10:16:6  channel=debug] Programm beginnt
Exception in thread "main" java.lang.RuntimeException:  the grid is to fine: -14:7:1:1
	at jcurses.widgets.Grid.<init>(GridLayoutManager.java:128)
	at jcurses.widgets.GridLayoutManager.layout(GridLayoutManager.java:55)
	at jcurses.widgets.WidgetContainer.packChild(WidgetContainer.java:89)
	at jcurses.widgets.WidgetContainer.pack(WidgetContainer.java:101)
	at jcurses.widgets.Window.pack(Window.java:520)
	at jcurses.widgets.Window.setVisible(Window.java:141)
	at jcurses.widgets.Window.show(Window.java:120)
	at Console.main(Console.java:39)
[21.11.2014  10:17:46  channel=debug] Programm beginnt
Exception in thread "main" java.lang.RuntimeException:  the grid is to fine: -17:7:1:1
	at jcurses.widgets.Grid.<init>(GridLayoutManager.java:128)
	at jcurses.widgets.GridLayoutManager.layout(GridLayoutManager.java:55)
	at jcurses.widgets.WidgetContainer.packChild(WidgetContainer.java:89)
	at jcurses.widgets.WidgetContainer.pack(WidgetContainer.java:101)
	at jcurses.widgets.Window.pack(Window.java:520)
	at jcurses.widgets.Window.setVisible(Window.java:141)
	at jcurses.widgets.Window.show(Window.java:120)
	at Console.main(Console.java:39)
[21.11.2014  10:18:8  channel=debug] Programm beginnt
Exception in thread "main" java.lang.RuntimeException:  the grid is to fine: -7:7:1:1
	at jcurses.widgets.Grid.<init>(GridLayoutManager.java:128)
	at jcurses.widgets.GridLayoutManager.layout(GridLayoutManager.java:55)
	at jcurses.widgets.WidgetContainer.packChild(WidgetContainer.java:89)
	at jcurses.widgets.WidgetContainer.pack(WidgetContainer.java:101)
	at jcurses.widgets.Window.pack(Window.java:520)
	at jcurses.widgets.Window.setVisible(Window.java:141)
	at jcurses.widgets.Window.show(Window.java:120)
	at Console.main(Console.java:39)
[21.11.2014  10:24:8  channel=debug] Programm beginnt
Exception in thread "main" java.lang.RuntimeException:  the grid is to fine: -1:7:1:1
	at jcurses.widgets.Grid.<init>(GridLayoutManager.java:128)
	at jcurses.widgets.GridLayoutManager.layout(GridLayoutManager.java:55)
	at jcurses.widgets.WidgetContainer.packChild(WidgetContainer.java:89)
	at jcurses.widgets.WidgetContainer.pack(WidgetContainer.java:101)
	at jcurses.widgets.Window.pack(Window.java:520)
	at jcurses.widgets.Window.setVisible(Window.java:141)
	at jcurses.widgets.Window.show(Window.java:120)
	at Console.main(Console.java:39)
[21.11.2014  11:15:15  channel=debug] Programm beginnt
[21.11.2014  11:17:6  channel=debug] Programm beginnt
[21.11.2014  11:17:6  channel=debug] window event: 2
[21.11.2014  11:19:13  channel=debug] Programm beginnt
Exception in thread "main" java.lang.RuntimeException:  the grid is to fine: -26:7:1:1
	at jcurses.widgets.Grid.<init>(GridLayoutManager.java:128)
	at jcurses.widgets.GridLayoutManager.layout(GridLayoutManager.java:55)
	at jcurses.widgets.WidgetContainer.packChild(WidgetContainer.java:89)
	at jcurses.widgets.WidgetContainer.pack(WidgetContainer.java:101)
	at jcurses.widgets.Window.pack(Window.java:520)
	at jcurses.widgets.Window.setVisible(Window.java:141)
	at jcurses.widgets.Window.show(Window.java:120)
	at Console.main(Console.java:39)
[21.11.2014  11:20:39  channel=debug] Programm beginnt
Exception in thread "main" java.lang.RuntimeException:  the grid is to fine: -15:7:1:1
	at jcurses.widgets.Grid.<init>(GridLayoutManager.java:128)
	at jcurses.widgets.GridLayoutManager.layout(GridLayoutManager.java:55)
	at jcurses.widgets.WidgetContainer.packChild(WidgetContainer.java:89)
	at jcurses.widgets.WidgetContainer.pack(WidgetContainer.java:101)
	at jcurses.widgets.Window.pack(Window.java:520)
	at jcurses.widgets.Window.setVisible(Window.java:141)
	at jcurses.widgets.Window.show(Window.java:120)
	at Testwin.main(Testwin.java:38)
[21.11.2014  11:20:52  channel=debug] Programm beginnt
Exception in thread "main" java.lang.RuntimeException:  the grid is to fine: -29:7:1:1
	at jcurses.widgets.Grid.<init>(GridLayoutManager.java:128)
	at jcurses.widgets.GridLayoutManager.layout(GridLayoutManager.java:55)
	at jcurses.widgets.WidgetContainer.packChild(WidgetContainer.java:89)
	at jcurses.widgets.WidgetContainer.pack(WidgetContainer.java:101)
	at jcurses.widgets.Window.pack(Window.java:520)
	at jcurses.widgets.Window.setVisible(Window.java:141)
	at jcurses.widgets.Window.show(Window.java:120)
	at Testwin.main(Testwin.java:38)
[21.11.2014  11:21:52  channel=debug] Programm beginnt
Exception in thread "main" java.lang.RuntimeException:  the grid is to fine: 0:5:2:5
	at jcurses.widgets.Grid.<init>(GridLayoutManager.java:128)
	at jcurses.widgets.GridLayoutManager.layout(GridLayoutManager.java:55)
	at jcurses.widgets.WidgetContainer.packChild(WidgetContainer.java:89)
	at jcurses.widgets.WidgetContainer.pack(WidgetContainer.java:101)
	at jcurses.widgets.WidgetContainer.pack(WidgetContainer.java:103)
	at jcurses.widgets.Window.pack(Window.java:520)
	at jcurses.widgets.Window.setVisible(Window.java:141)
	at jcurses.widgets.Window.show(Window.java:120)
	at Testwin.main(Testwin.java:38)
[21.11.2014  11:23:35  channel=debug] Programm beginnt
Exception in thread "main" java.lang.RuntimeException:  the grid is to fine: 0:7:1:1
	at jcurses.widgets.Grid.<init>(GridLayoutManager.java:128)
	at jcurses.widgets.GridLayoutManager.layout(GridLayoutManager.java:55)
	at jcurses.widgets.WidgetContainer.packChild(WidgetContainer.java:89)
	at jcurses.widgets.WidgetContainer.pack(WidgetContainer.java:101)
	at jcurses.widgets.Window.pack(Window.java:520)
	at jcurses.widgets.Window.setVisible(Window.java:141)
	at jcurses.widgets.Window.show(Window.java:120)
	at Testwin.main(Testwin.java:38)
[21.11.2014  11:24:26  channel=debug] Programm beginnt
[21.11.2014  11:33:15  channel=debug] Programm beginnt
[21.11.2014  11:37:22  channel=debug] Programm beginnt
Exception in thread "main" java.lang.RuntimeException:  the grid is to fine: 0:7:1:1
	at jcurses.widgets.Grid.<init>(GridLayoutManager.java:128)
	at jcurses.widgets.GridLayoutManager.layout(GridLayoutManager.java:55)
	at jcurses.widgets.WidgetContainer.packChild(WidgetContainer.java:89)
	at jcurses.widgets.WidgetContainer.pack(WidgetContainer.java:101)
	at jcurses.widgets.Window.pack(Window.java:520)
	at jcurses.widgets.Window.setVisible(Window.java:141)
	at jcurses.widgets.Window.show(Window.java:120)
	at Testwin.main(Testwin.java:38)
[21.11.2014  11:37:54  channel=debug] Programm beginnt
[21.11.2014  11:39:19  channel=debug] Programm beginnt
[21.11.2014  11:44:10  channel=debug] Programm beginnt
Exception in thread "main" java.lang.RuntimeException:  the grid is to fine: -19:7:1:1
	at jcurses.widgets.Grid.<init>(GridLayoutManager.java:128)
	at jcurses.widgets.GridLayoutManager.layout(GridLayoutManager.java:55)
	at jcurses.widgets.WidgetContainer.packChild(WidgetContainer.java:89)
	at jcurses.widgets.WidgetContainer.pack(WidgetContainer.java:101)
	at jcurses.widgets.Window.pack(Window.java:520)
	at jcurses.widgets.Window.setVisible(Window.java:141)
	at jcurses.widgets.Window.show(Window.java:120)
	at Testwin.main(Testwin.java:38)
[21.11.2014  11:53:18  channel=debug] Programm beginnt
[21.11.2014  11:56:21  channel=debug] Programm beginnt
Exception in thread "main" java.lang.RuntimeException:  the grid is to fine: -11:7:1:1
	at jcurses.widgets.Grid.<init>(GridLayoutManager.java:128)
	at jcurses.widgets.GridLayoutManager.layout(GridLayoutManager.java:55)
	at jcurses.widgets.WidgetContainer.packChild(WidgetContainer.java:89)
	at jcurses.widgets.WidgetContainer.pack(WidgetContainer.java:101)
	at jcurses.widgets.Window.pack(Window.java:520)
	at jcurses.widgets.Window.setVisible(Window.java:141)
	at jcurses.widgets.Window.show(Window.java:120)
	at Testwin.main(Testwin.java:38)
[21.11.2014  11:57:10  channel=debug] Programm beginnt
Exception in thread "main" java.lang.RuntimeException:  the grid is to fine: -36:7:1:1
	at jcurses.widgets.Grid.<init>(GridLayoutManager.java:128)
	at jcurses.widgets.GridLayoutManager.layout(GridLayoutManager.java:55)
	at jcurses.widgets.WidgetContainer.packChild(WidgetContainer.java:89)
	at jcurses.widgets.WidgetContainer.pack(WidgetContainer.java:101)
	at jcurses.widgets.Window.pack(Window.java:520)
	at jcurses.widgets.Window.setVisible(Window.java:141)
	at jcurses.widgets.Window.show(Window.java:120)
	at Testwin.main(Testwin.java:38)
[21.11.2014  11:57:43  channel=debug] Programm beginnt
Exception in thread "main" java.lang.RuntimeException:  the grid is to fine: -8:7:1:1
	at jcurses.widgets.Grid.<init>(GridLayoutManager.java:128)
	at jcurses.widgets.GridLayoutManager.layout(GridLayoutManager.java:55)
	at jcurses.widgets.WidgetContainer.packChild(WidgetContainer.java:89)
	at jcurses.widgets.WidgetContainer.pack(WidgetContainer.java:101)
	at jcurses.widgets.Window.pack(Window.java:520)
	at jcurses.widgets.Window.setVisible(Window.java:141)
	at jcurses.widgets.Window.show(Window.java:120)
	at Testwin.main(Testwin.java:38)
[21.11.2014  11:57:53  channel=debug] Programm beginnt
Exception in thread "main" java.lang.RuntimeException:  the grid is to fine: 0:7:1:1
	at jcurses.widgets.Grid.<init>(GridLayoutManager.java:128)
	at jcurses.widgets.GridLayoutManager.layout(GridLayoutManager.java:55)
	at jcurses.widgets.WidgetContainer.packChild(WidgetContainer.java:89)
	at jcurses.widgets.WidgetContainer.pack(WidgetContainer.java:101)
	at jcurses.widgets.Window.pack(Window.java:520)
	at jcurses.widgets.Window.setVisible(Window.java:141)
	at jcurses.widgets.Window.show(Window.java:120)
	at Testwin.main(Testwin.java:38)
[21.11.2014  1:9:38  channel=debug] Programm beginnt
Exception in thread "main" java.lang.RuntimeException:  the grid is to fine: -27:7:1:1
	at jcurses.widgets.Grid.<init>(GridLayoutManager.java:128)
	at jcurses.widgets.GridLayoutManager.layout(GridLayoutManager.java:55)
	at jcurses.widgets.WidgetContainer.packChild(WidgetContainer.java:89)
	at jcurses.widgets.WidgetContainer.pack(WidgetContainer.java:101)
	at jcurses.widgets.Window.pack(Window.java:520)
	at jcurses.widgets.Window.setVisible(Window.java:141)
	at jcurses.widgets.Window.show(Window.java:120)
	at Testwin.main(Testwin.java:38)
[21.11.2014  1:13:56  channel=debug] Programm beginnt
Exception in thread "main" java.lang.RuntimeException:  the grid is to fine: -49:7:1:1
	at jcurses.widgets.Grid.<init>(GridLayoutManager.java:128)
	at jcurses.widgets.GridLayoutManager.layout(GridLayoutManager.java:55)
	at jcurses.widgets.WidgetContainer.packChild(WidgetContainer.java:89)
	at jcurses.widgets.WidgetContainer.pack(WidgetContainer.java:101)
	at jcurses.widgets.Window.pack(Window.java:520)
	at jcurses.widgets.Window.setVisible(Window.java:141)
	at jcurses.widgets.Window.show(Window.java:120)
	at Testwin.main(Testwin.java:38)
[21.11.2014  1:14:15  channel=debug] Programm beginnt
[21.11.2014  1:15:28  channel=debug] Programm beginnt
Exception in thread "main" java.lang.RuntimeException:  the grid is to fine: -39:7:1:1
	at jcurses.widgets.Grid.<init>(GridLayoutManager.java:128)
	at jcurses.widgets.GridLayoutManager.layout(GridLayoutManager.java:55)
	at jcurses.widgets.WidgetContainer.packChild(WidgetContainer.java:89)
	at jcurses.widgets.WidgetContainer.pack(WidgetContainer.java:101)
	at jcurses.widgets.Window.pack(Window.java:520)
	at jcurses.widgets.Window.setVisible(Window.java:141)
	at jcurses.widgets.Window.show(Window.java:120)
	at Testwin.main(Testwin.java:38)
[8.12.2014  10:3:19  channel=debug] Programm beginnt
[8.12.2014  10:3:20  channel=debug] window event: 2
[8.12.2014  10:3:45  channel=debug] Programm beginnt
Exception in thread "main" java.lang.RuntimeException:  the grid is to fine: -20:7:1:1
	at jcurses.widgets.Grid.<init>(GridLayoutManager.java:128)
	at jcurses.widgets.GridLayoutManager.layout(GridLayoutManager.java:55)
	at jcurses.widgets.WidgetContainer.packChild(WidgetContainer.java:89)
	at jcurses.widgets.WidgetContainer.pack(WidgetContainer.java:101)
	at jcurses.widgets.Window.pack(Window.java:520)
	at jcurses.widgets.Window.setVisible(Window.java:141)
	at jcurses.widgets.Window.show(Window.java:120)
	at Testwin.main(Testwin.java:38)
[8.12.2014  10:9:15  channel=debug] Programm beginnt
Exception in thread "main" java.lang.RuntimeException:  the grid is to fine: -17:7:1:1
	at jcurses.widgets.Grid.<init>(GridLayoutManager.java:128)
	at jcurses.widgets.GridLayoutManager.layout(GridLayoutManager.java:55)
	at jcurses.widgets.WidgetContainer.packChild(WidgetContainer.java:89)
	at jcurses.widgets.WidgetContainer.pack(WidgetContainer.java:101)
	at jcurses.widgets.Window.pack(Window.java:520)
	at jcurses.widgets.Window.setVisible(Window.java:141)
	at jcurses.widgets.Window.show(Window.java:120)
	at Testwin.main(Testwin.java:38)
[8.12.2014  10:10:14  channel=debug] Programm beginnt
Exception in thread "main" java.lang.RuntimeException:  the grid is to fine: -27:7:1:1
	at jcurses.widgets.Grid.<init>(GridLayoutManager.java:128)
	at jcurses.widgets.GridLayoutManager.layout(GridLayoutManager.java:55)
	at jcurses.widgets.WidgetContainer.packChild(WidgetContainer.java:89)
	at jcurses.widgets.WidgetContainer.pack(WidgetContainer.java:101)
	at jcurses.widgets.Window.pack(Window.java:520)
	at jcurses.widgets.Window.setVisible(Window.java:141)
	at jcurses.widgets.Window.show(Window.java:120)
	at Testwin.main(Testwin.java:38)
[8.12.2014  10:10:55  channel=debug] Programm beginnt
Exception in thread "main" java.lang.RuntimeException:  the grid is to fine: -19:7:1:1
	at jcurses.widgets.Grid.<init>(GridLayoutManager.java:128)
	at jcurses.widgets.GridLayoutManager.layout(GridLayoutManager.java:55)
	at jcurses.widgets.WidgetContainer.packChild(WidgetContainer.java:89)
	at jcurses.widgets.WidgetContainer.pack(WidgetContainer.java:101)
	at jcurses.widgets.Window.pack(Window.java:520)
	at jcurses.widgets.Window.setVisible(Window.java:141)
	at jcurses.widgets.Window.show(Window.java:120)
	at Testwin.main(Testwin.java:38)
[8.12.2014  10:40:25  channel=debug] Programm beginnt
Exception in thread "main" java.lang.RuntimeException:  the grid is to fine: -13:7:1:1
	at jcurses.widgets.Grid.<init>(GridLayoutManager.java:128)
	at jcurses.widgets.GridLayoutManager.layout(GridLayoutManager.java:55)
	at jcurses.widgets.WidgetContainer.packChild(WidgetContainer.java:89)
	at jcurses.widgets.WidgetContainer.pack(WidgetContainer.java:101)
	at jcurses.widgets.Window.pack(Window.java:520)
	at jcurses.widgets.Window.setVisible(Window.java:141)
	at jcurses.widgets.Window.show(Window.java:120)
	at Testwin.main(Testwin.java:38)
[8.12.2014  11:50:13  channel=debug] Programm beginnt
Exception in thread "main" java.lang.RuntimeException:  the grid is to fine: -29:7:1:1
	at jcurses.widgets.Grid.<init>(GridLayoutManager.java:128)
	at jcurses.widgets.GridLayoutManager.layout(GridLayoutManager.java:55)
	at jcurses.widgets.WidgetContainer.packChild(WidgetContainer.java:89)
	at jcurses.widgets.WidgetContainer.pack(WidgetContainer.java:101)
	at jcurses.widgets.Window.pack(Window.java:520)
	at jcurses.widgets.Window.setVisible(Window.java:141)
	at jcurses.widgets.Window.show(Window.java:120)
	at Testwin.main(Testwin.java:38)
[8.12.2014  11:50:27  channel=debug] Programm beginnt
Exception in thread "main" java.lang.RuntimeException:  the grid is to fine: -26:7:1:1
	at jcurses.widgets.Grid.<init>(GridLayoutManager.java:128)
	at jcurses.widgets.GridLayoutManager.layout(GridLayoutManager.java:55)
	at jcurses.widgets.WidgetContainer.packChild(WidgetContainer.java:89)
	at jcurses.widgets.WidgetContainer.pack(WidgetContainer.java:101)
	at jcurses.widgets.Window.pack(Window.java:520)
	at jcurses.widgets.Window.setVisible(Window.java:141)
	at jcurses.widgets.Window.show(Window.java:120)
	at Testwin.main(Testwin.java:38)
[8.12.2014  11:51:29  channel=debug] Programm beginnt
Exception in thread "main" java.lang.RuntimeException:  the grid is to fine: -8:7:1:1
	at jcurses.widgets.Grid.<init>(GridLayoutManager.java:128)
	at jcurses.widgets.GridLayoutManager.layout(GridLayoutManager.java:55)
	at jcurses.widgets.WidgetContainer.packChild(WidgetContainer.java:89)
	at jcurses.widgets.WidgetContainer.pack(WidgetContainer.java:101)
	at jcurses.widgets.Window.pack(Window.java:520)
	at jcurses.widgets.Window.setVisible(Window.java:141)
	at jcurses.widgets.Window.show(Window.java:120)
	at Testwin.main(Testwin.java:38)
[8.12.2014  0:2:6  channel=debug] Programm beginnt
Exception in thread "main" java.lang.RuntimeException:  the grid is to fine: -13:7:1:1
	at jcurses.widgets.Grid.<init>(GridLayoutManager.java:128)
	at jcurses.widgets.GridLayoutManager.layout(GridLayoutManager.java:55)
	at jcurses.widgets.WidgetContainer.packChild(WidgetContainer.java:89)
	at jcurses.widgets.WidgetContainer.pack(WidgetContainer.java:101)
	at jcurses.widgets.Window.pack(Window.java:520)
	at jcurses.widgets.Window.setVisible(Window.java:141)
	at jcurses.widgets.Window.show(Window.java:120)
	at Testwin.main(Testwin.java:38)
[8.12.2014  0:2:17  channel=debug] Programm beginnt
Exception in thread "main" java.lang.RuntimeException:  the grid is to fine: -33:7:1:1
	at jcurses.widgets.Grid.<init>(GridLayoutManager.java:128)
	at jcurses.widgets.GridLayoutManager.layout(GridLayoutManager.java:55)
	at jcurses.widgets.WidgetContainer.packChild(WidgetContainer.java:89)
	at jcurses.widgets.WidgetContainer.pack(WidgetContainer.java:101)
	at jcurses.widgets.Window.pack(Window.java:520)
	at jcurses.widgets.Window.setVisible(Window.java:141)
	at jcurses.widgets.Window.show(Window.java:120)
	at Testwin.main(Testwin.java:38)
[8.12.2014  0:5:58  channel=debug] Programm beginnt
Exception in thread "main" java.lang.RuntimeException:  the grid is to fine: -29:7:1:1
	at jcurses.widgets.Grid.<init>(GridLayoutManager.java:128)
	at jcurses.widgets.GridLayoutManager.layout(GridLayoutManager.java:55)
	at jcurses.widgets.WidgetContainer.packChild(WidgetContainer.java:89)
	at jcurses.widgets.WidgetContainer.pack(WidgetContainer.java:101)
	at jcurses.widgets.Window.pack(Window.java:520)
	at jcurses.widgets.Window.setVisible(Window.java:141)
	at jcurses.widgets.Window.show(Window.java:120)
	at Testwin.main(Testwin.java:38)
[8.12.2014  0:9:37  channel=debug] Programm beginnt
[8.12.2014  0:9:37  channel=debug] window event: 2
[8.12.2014  0:11:11  channel=debug] Programm beginnt
Exception in thread "main" java.lang.RuntimeException:  the grid is to fine: -7:7:1:1
	at jcurses.widgets.Grid.<init>(GridLayoutManager.java:128)
	at jcurses.widgets.GridLayoutManager.layout(GridLayoutManager.java:55)
	at jcurses.widgets.WidgetContainer.packChild(WidgetContainer.java:89)
	at jcurses.widgets.WidgetContainer.pack(WidgetContainer.java:101)
	at jcurses.widgets.Window.pack(Window.java:520)
	at jcurses.widgets.Window.setVisible(Window.java:141)
	at jcurses.widgets.Window.show(Window.java:120)
	at Testwin.main(Testwin.java:38)
[8.12.2014  0:11:34  channel=debug] Programm beginnt
[8.12.2014  0:11:34  channel=debug] window event: 2
[8.12.2014  1:34:47  channel=debug] Programm beginnt
Exception in thread "main" java.lang.RuntimeException:  the grid is to fine: -29:7:1:1
	at jcurses.widgets.Grid.<init>(GridLayoutManager.java:128)
	at jcurses.widgets.GridLayoutManager.layout(GridLayoutManager.java:55)
	at jcurses.widgets.WidgetContainer.packChild(WidgetContainer.java:89)
	at jcurses.widgets.WidgetContainer.pack(WidgetContainer.java:101)
	at jcurses.widgets.Window.pack(Window.java:520)
	at jcurses.widgets.Window.setVisible(Window.java:141)
	at jcurses.widgets.Window.show(Window.java:120)
	at Testwin.main(Testwin.java:38)
[8.12.2014  1:40:2  channel=debug] Programm beginnt
Exception in thread "main" java.lang.RuntimeException:  the grid is to fine: -36:7:1:1
	at jcurses.widgets.Grid.<init>(GridLayoutManager.java:128)
	at jcurses.widgets.GridLayoutManager.layout(GridLayoutManager.java:55)
	at jcurses.widgets.WidgetContainer.packChild(WidgetContainer.java:89)
	at jcurses.widgets.WidgetContainer.pack(WidgetContainer.java:101)
	at jcurses.widgets.Window.pack(Window.java:520)
	at jcurses.widgets.Window.setVisible(Window.java:141)
	at jcurses.widgets.Window.show(Window.java:120)
	at Testwin.main(Testwin.java:38)
[8.12.2014  1:40:19  channel=debug] Programm beginnt
Exception in thread "main" java.lang.RuntimeException:  the grid is to fine: 0:7:1:1
	at jcurses.widgets.Grid.<init>(GridLayoutManager.java:128)
	at jcurses.widgets.GridLayoutManager.layout(GridLayoutManager.java:55)
	at jcurses.widgets.WidgetContainer.packChild(WidgetContainer.java:89)
	at jcurses.widgets.WidgetContainer.pack(WidgetContainer.java:101)
	at jcurses.widgets.Window.pack(Window.java:520)
	at jcurses.widgets.Window.setVisible(Window.java:141)
	at jcurses.widgets.Window.show(Window.java:120)
	at Testwin.main(Testwin.java:38)
[8.12.2014  1:40:47  channel=debug] Programm beginnt
Exception in thread "main" java.lang.RuntimeException:  the grid is to fine: -21:7:1:1
	at jcurses.widgets.Grid.<init>(GridLayoutManager.java:128)
	at jcurses.widgets.GridLayoutManager.layout(GridLayoutManager.java:55)
	at jcurses.widgets.WidgetContainer.packChild(WidgetContainer.java:89)
	at jcurses.widgets.WidgetContainer.pack(WidgetContainer.java:101)
	at jcurses.widgets.Window.pack(Window.java:520)
	at jcurses.widgets.Window.setVisible(Window.java:141)
	at jcurses.widgets.Window.show(Window.java:120)
	at Testwin.main(Testwin.java:38)
[8.12.2014  1:41:12  channel=debug] Programm beginnt
Exception in thread "main" java.lang.RuntimeException:  the grid is to fine: -26:7:1:1
	at jcurses.widgets.Grid.<init>(GridLayoutManager.java:128)
	at jcurses.widgets.GridLayoutManager.layout(GridLayoutManager.java:55)
	at jcurses.widgets.WidgetContainer.packChild(WidgetContainer.java:89)
	at jcurses.widgets.WidgetContainer.pack(WidgetContainer.java:101)
	at jcurses.widgets.Window.pack(Window.java:520)
	at jcurses.widgets.Window.setVisible(Window.java:141)
	at jcurses.widgets.Window.show(Window.java:120)
	at Testwin.main(Testwin.java:38)
[8.12.2014  1:58:22  channel=debug] Programm beginnt
Exception in thread "main" java.lang.RuntimeException:  the grid is to fine: -41:7:1:1
	at jcurses.widgets.Grid.<init>(GridLayoutManager.java:128)
	at jcurses.widgets.GridLayoutManager.layout(GridLayoutManager.java:55)
	at jcurses.widgets.WidgetContainer.packChild(WidgetContainer.java:89)
	at jcurses.widgets.WidgetContainer.pack(WidgetContainer.java:101)
	at jcurses.widgets.Window.pack(Window.java:520)
	at jcurses.widgets.Window.setVisible(Window.java:141)
	at jcurses.widgets.Window.show(Window.java:120)
	at Testwin.main(Testwin.java:38)
[8.12.2014  2:28:38  channel=debug] Programm beginnt
[8.12.2014  2:28:38  channel=debug] window event: 2
[8.12.2014  2:28:55  channel=debug] Programm beginnt
Exception in thread "main" java.lang.RuntimeException:  the grid is to fine: -2:7:1:1
	at jcurses.widgets.Grid.<init>(GridLayoutManager.java:128)
	at jcurses.widgets.GridLayoutManager.layout(GridLayoutManager.java:55)
	at jcurses.widgets.WidgetContainer.packChild(WidgetContainer.java:89)
	at jcurses.widgets.WidgetContainer.pack(WidgetContainer.java:101)
	at jcurses.widgets.Window.pack(Window.java:520)
	at jcurses.widgets.Window.setVisible(Window.java:141)
	at jcurses.widgets.Window.show(Window.java:120)
	at Testwin.main(Testwin.java:38)
[8.12.2014  2:51:26  channel=debug] Programm beginnt
Exception in thread "main" java.lang.RuntimeException:  the grid is to fine: -27:7:1:1
	at jcurses.widgets.Grid.<init>(GridLayoutManager.java:128)
	at jcurses.widgets.GridLayoutManager.layout(GridLayoutManager.java:55)
	at jcurses.widgets.WidgetContainer.packChild(WidgetContainer.java:89)
	at jcurses.widgets.WidgetContainer.pack(WidgetContainer.java:101)
	at jcurses.widgets.Window.pack(Window.java:520)
	at jcurses.widgets.Window.setVisible(Window.java:141)
	at jcurses.widgets.Window.show(Window.java:120)
	at Testwin.main(Testwin.java:38)
[8.12.2014  2:52:5  channel=debug] Programm beginnt
[8.12.2014  2:52:5  channel=debug] window event: 2
[8.12.2014  3:1:5  channel=debug] Programm beginnt
Exception in thread "main" java.lang.RuntimeException:  the grid is to fine: 1:5:2:5
	at jcurses.widgets.Grid.<init>(GridLayoutManager.java:128)
	at jcurses.widgets.GridLayoutManager.layout(GridLayoutManager.java:55)
	at jcurses.widgets.WidgetContainer.packChild(WidgetContainer.java:89)
	at jcurses.widgets.WidgetContainer.pack(WidgetContainer.java:101)
	at jcurses.widgets.WidgetContainer.pack(WidgetContainer.java:103)
	at jcurses.widgets.Window.pack(Window.java:520)
	at jcurses.widgets.Window.setVisible(Window.java:141)
	at jcurses.widgets.Window.show(Window.java:120)
	at Testwin.main(Testwin.java:38)
[10.12.2014  1:8:55  channel=debug] Programm beginnt
Exception in thread "main" java.lang.RuntimeException:  the grid is to fine: -27:7:1:1
	at jcurses.widgets.Grid.<init>(GridLayoutManager.java:128)
	at jcurses.widgets.GridLayoutManager.layout(GridLayoutManager.java:55)
	at jcurses.widgets.WidgetContainer.packChild(WidgetContainer.java:89)
	at jcurses.widgets.WidgetContainer.pack(WidgetContainer.java:101)
	at jcurses.widgets.Window.pack(Window.java:520)
	at jcurses.widgets.Window.setVisible(Window.java:141)
	at jcurses.widgets.Window.show(Window.java:120)
	at Testwin.main(Testwin.java:38)
[10.12.2014  1:9:5  channel=debug] Programm beginnt
[10.12.2014  1:9:5  channel=debug] window event: 2
[2.2.2015  8:12:40  channel=debug] Programm beginnt
Exception in thread "main" java.lang.RuntimeException:  the grid is to fine: -8:7:1:1
	at jcurses.widgets.Grid.<init>(GridLayoutManager.java:128)
	at jcurses.widgets.GridLayoutManager.layout(GridLayoutManager.java:55)
	at jcurses.widgets.WidgetContainer.packChild(WidgetContainer.java:89)
	at jcurses.widgets.WidgetContainer.pack(WidgetContainer.java:101)
	at jcurses.widgets.Window.pack(Window.java:520)
	at jcurses.widgets.Window.setVisible(Window.java:141)
	at jcurses.widgets.Window.show(Window.java:120)
	at Testwin.main(Testwin.java:38)
[2.2.2015  8:16:55  channel=debug] Programm beginnt
Exception in thread "main" java.lang.RuntimeException:  the grid is to fine: -5:7:1:1
	at jcurses.widgets.Grid.<init>(GridLayoutManager.java:128)
	at jcurses.widgets.GridLayoutManager.layout(GridLayoutManager.java:55)
	at jcurses.widgets.WidgetContainer.packChild(WidgetContainer.java:89)
	at jcurses.widgets.WidgetContainer.pack(WidgetContainer.java:101)
	at jcurses.widgets.Window.pack(Window.java:520)
	at jcurses.widgets.Window.setVisible(Window.java:141)
	at jcurses.widgets.Window.show(Window.java:120)
	at Testwin.main(Testwin.java:38)
